-=-=-=-=-=-=-=-=-=-=-=-=-=-=-=-=-=-=-=-=-=-=-=-=-=-=-=-=-=-=-=-=-

| Sistema Operacional: Windows 
| Arquitetura: x64 
| Quantidade de núcleos: 12 
| Uso de Memória RAM: 6.57 GB 
| 7.7 GB (85 %) 
| CPU : 12th Gen Intel(R) Core(TM) i5-1235U 
| Tempo de uso: 1:18:4:55

-=-=-=-=-=-=-=-=-=-=-=-=-=-=-=-=-=-=-=-=-=-=-=-=-=-=-=-=-=-=-=-=-

| Sistema Operacional: Windows 
| Arquitetura: x64 
| Quantidade de núcleos: 12 
| Uso de Memória RAM: 6.57 GB 
| 7.7 GB (85 %) 
| CPU : 12th Gen Intel(R) Core(TM) i5-1235U 
| Tempo de uso: 1:18:4:55

-=-=-=-=-=-=-=-=-=-=-=-=-=-=-=-=-=-=-=-=-=-=-=-=-=-=-=-=-=-=-=-=-

| Sistema Operacional: Windows 
| Arquitetura: x64 
| Quantidade de núcleos: 12 
| Uso de Memória RAM: 6.58 GB 
| 7.7 GB (85 %) 
| CPU : 12th Gen Intel(R) Core(TM) i5-1235U 
| Tempo de uso: 1:18:4:56

-=-=-=-=-=-=-=-=-=-=-=-=-=-=-=-=-=-=-=-=-=-=-=-=-=-=-=-=-=-=-=-=-

| Sistema Operacional: Windows 
| Arquitetura: x64 
| Quantidade de núcleos: 12 
| Uso de Memória RAM: 6.58 GB 
| 7.7 GB (85 %) 
| CPU : 12th Gen Intel(R) Core(TM) i5-1235U 
| Tempo de uso: 1:18:4:57

-=-=-=-=-=-=-=-=-=-=-=-=-=-=-=-=-=-=-=-=-=-=-=-=-=-=-=-=-=-=-=-=-

| Sistema Operacional: Windows 
| Arquitetura: x64 
| Quantidade de núcleos: 12 
| Uso de Memória RAM: 6.58 GB 
| 7.7 GB (85 %) 
| CPU : 12th Gen Intel(R) Core(TM) i5-1235U 
| Tempo de uso: 1:18:4:58

-=-=-=-=-=-=-=-=-=-=-=-=-=-=-=-=-=-=-=-=-=-=-=-=-=-=-=-=-=-=-=-=-

| Sistema Operacional: Windows 
| Arquitetura: x64 
| Quantidade de núcleos: 12 
| Uso de Memória RAM: 6.64 GB 
| 7.7 GB (86 %) 
| CPU : 12th Gen Intel(R) Core(TM) i5-1235U 
| Tempo de uso: 1:18:5:10

